<?xml version="1.0" encoding="UTF-8"?>
<testsuite xmlns:xsi="http://www.w3.org/2001/XMLSchema-instance" xsi:noNamespaceSchemaLocation="https://maven.apache.org/surefire/maven-surefire-plugin/xsd/surefire-test-report.xsd" name="BattleSimulation.ArmyTest" time="0.14" tests="10" errors="0" skipped="0" failures="0">
  <properties>
[...]
</properties>
  <testcase name="addAll" classname="BattleSimulation.ArmyTest" time="0.073"/>
  <testcase name="testToString" classname="BattleSimulation.ArmyTest" time="0.022"/>
  <testcase name="remove" classname="BattleSimulation.ArmyTest" time="0.001"/>
  <testcase name="getAllUnits" classname="BattleSimulation.ArmyTest" time="0.003"/>
  <testcase name="getName" classname="BattleSimulation.ArmyTest" time="0.002"/>
  <testcase name="add" classname="BattleSimulation.ArmyTest" time="0.001"/>
  <testcase name="hasUnits" classname="BattleSimulation.ArmyTest" time="0.004"/>
  <testcase name="getRandom" classname="BattleSimulation.ArmyTest" time="0.002"/>
  <testcase name="testHashCode" classname="BattleSimulation.ArmyTest" time="0.003"/>
  <testcase name="testEquals" classname="BattleSimulation.ArmyTest" time="0.001"/>
</testsuite>